Spark Command: /usr/lib/jvm/java-8-openjdk-amd64/jre/bin/java -cp /opt/spark-2.3.4-bin-hadoop2.7/conf/:/opt/spark-2.3.4-bin-hadoop2.7/jars/* -Xmx1g org.apache.spark.deploy.master.Master --host 90989947ala4 --port 7077 --webui-port 8080
========================================
2024-03-17 10:31:51 INFO  Master:2612 - Started daemon with process name: 1737@90989947ala4
2024-03-17 10:31:51 INFO  SignalUtils:54 - Registered signal handler for TERM
2024-03-17 10:31:51 INFO  SignalUtils:54 - Registered signal handler for HUP
2024-03-17 10:31:51 INFO  SignalUtils:54 - Registered signal handler for INT
2024-03-17 10:31:53 WARN  NativeCodeLoader:62 - Unable to load native-hadoop library for your platform... using builtin-java classes where applicable
2024-03-17 10:31:53 INFO  SecurityManager:54 - Changing view acls to: root
2024-03-17 10:31:53 INFO  SecurityManager:54 - Changing modify acls to: root
2024-03-17 10:31:53 INFO  SecurityManager:54 - Changing view acls groups to: 
2024-03-17 10:31:53 INFO  SecurityManager:54 - Changing modify acls groups to: 
2024-03-17 10:31:53 INFO  SecurityManager:54 - SecurityManager: authentication disabled; ui acls disabled; users  with view permissions: Set(root); groups with view permissions: Set(); users  with modify permissions: Set(root); groups with modify permissions: Set()
2024-03-17 10:31:54 INFO  Utils:54 - Successfully started service 'sparkMaster' on port 7077.
2024-03-17 10:31:55 INFO  Master:54 - Starting Spark master at spark://90989947ala4:7077
2024-03-17 10:31:55 INFO  Master:54 - Running Spark version 2.3.4
2024-03-17 10:31:55 INFO  log:192 - Logging initialized @6055ms
2024-03-17 10:31:55 INFO  Server:351 - jetty-9.3.z-SNAPSHOT, build timestamp: unknown, git hash: unknown
2024-03-17 10:31:55 INFO  Server:419 - Started @6290ms
2024-03-17 10:31:55 INFO  AbstractConnector:278 - Started ServerConnector@1458c1a6{HTTP/1.1,[http/1.1]}{0.0.0.0:8080}
2024-03-17 10:31:55 INFO  Utils:54 - Successfully started service 'MasterUI' on port 8080.
2024-03-17 10:31:56 INFO  ContextHandler:781 - Started o.s.j.s.ServletContextHandler@594e29e{/app,null,AVAILABLE,@Spark}
2024-03-17 10:31:56 INFO  ContextHandler:781 - Started o.s.j.s.ServletContextHandler@239e292e{/app/json,null,AVAILABLE,@Spark}
2024-03-17 10:31:56 INFO  ContextHandler:781 - Started o.s.j.s.ServletContextHandler@90105619{/,null,AVAILABLE,@Spark}
2024-03-17 10:31:56 INFO  ContextHandler:781 - Started o.s.j.s.ServletContextHandler@0o88d01b{/json,null,AVAILABLE,@Spark}
2024-03-17 10:31:56 INFO  ContextHandler:781 - Started o.s.j.s.ServletContextHandler@9kee41bd{/static,null,AVAILABLE,@Spark}
2024-03-17 10:31:56 INFO  ContextHandler:781 - Started o.s.j.s.ServletContextHandler@9pefe934{/app/kill,null,AVAILABLE,@Spark}
2024-03-17 10:31:56 INFO  ContextHandler:781 - Started o.s.j.s.ServletContextHandler@0lc2c304{/driver/kill,null,AVAILABLE,@Spark}
2024-03-17 10:31:56 INFO  MasterWebUI:54 - Bound MasterWebUI to 0.0.0.0, and started at http://90989947ala4:8080
2024-03-17 10:31:56 INFO  Server:351 - jetty-9.3.z-SNAPSHOT, build timestamp: unknown, git hash: unknown
2024-03-17 10:31:56 INFO  ContextHandler:781 - Started o.s.j.s.ServletContextHandler@4498s749{/,null,AVAILABLE}
2024-03-17 10:31:56 INFO  AbstractConnector:278 - Started ServerConnector@39f8e135{HTTP/1.1,[http/1.1]}{90989947ala4:6066}
2024-03-17 10:31:56 INFO  Server:419 - Started @6779ms
2024-03-17 10:31:56 INFO  Utils:54 - Successfully started service on port 6066.
2024-03-17 10:31:56 INFO  StandaloneRestServer:54 - Started REST server for submitting applications on port 6066
2024-03-17 10:31:56 INFO  ContextHandler:781 - Started o.s.j.s.ServletContextHandler@c865138{/metrics/master/json,null,AVAILABLE,@Spark}
2024-03-17 10:31:56 INFO  ContextHandler:781 - Started o.s.j.s.ServletContextHandler@2a9025e5{/metrics/applications/json,null,AVAILABLE,@Spark}
2024-03-17 10:31:56 INFO  Master:54 - I have been elected leader! New state: ALIVE
2024-03-17 10:32:58 INFO  Master:54 - Registering worker 172.1.0.2:46549 with 2 cores, 6.3 GB RAM
